<?xml version="1.0" encoding="UTF-8"?>
<testng-results ignored="0" total="1" passed="1" failed="0" skipped="0">
  <reporter-output>
  </reporter-output>
  <suite started-at="2025-05-22T13:17:08 IST" name="Default suite" finished-at="2025-05-22T13:17:31 IST" duration-ms="23137">
    <groups>
    </groups>
    <test started-at="2025-05-22T13:17:08 IST" name="Default test" finished-at="2025-05-22T13:17:31 IST" duration-ms="23137">
      <class name="com.amazonUI.ProductTest">
        <test-method is-config="true" signature="setup()[pri:0, instance:com.amazonUI.ProductTest@740cae06]" started-at="2025-05-22T13:17:08 IST" name="setup" finished-at="2025-05-22T13:17:13 IST" duration-ms="5254" status="PASS">
          <reporter-output>
          </reporter-output>
        </test-method> <!-- setup -->
        <test-method signature="test()[pri:0, instance:com.amazonUI.ProductTest@740cae06]" started-at="2025-05-22T13:17:13 IST" name="test" finished-at="2025-05-22T13:17:31 IST" duration-ms="17822" status="PASS">
          <reporter-output>
          </reporter-output>
        </test-method> <!-- test -->
      </class> <!-- com.amazonUI.ProductTest -->
    </test> <!-- Default test -->
  </suite> <!-- Default suite -->
</testng-results>
